2024-03-01 09:35:55 Loading main app package /usr/lib/obsidian/obsidian.asar
2024-03-01 09:35:55 Checking for update using Github
2024-03-01 09:35:55 Success.
2024-03-01 09:35:55 Latest version is 1.5.8
2024-03-01 09:35:55 App is up to date.
2024-03-04 12:40:10 Loading main app package /usr/lib/obsidian/obsidian.asar
2024-03-04 12:40:10 Checking for update using Github
2024-03-04 12:40:10 Success.
2024-03-04 12:40:10 Latest version is 1.5.8
2024-03-04 12:40:10 App is up to date.
2024-03-14 09:50:22 Loading main app package /usr/lib/obsidian/obsidian.asar
2024-03-14 09:50:22 Checking for update using Github
2024-03-14 09:50:22 Success.
2024-03-14 09:50:22 Latest version is 1.5.8
2024-03-14 09:50:22 App is up to date.
2024-03-17 11:36:41 Loading main app package /usr/lib/obsidian/obsidian.asar
2024-03-17 11:36:41 Checking for update using Github
2024-03-17 11:36:41 Success.
2024-03-17 11:36:41 Latest version is 1.5.8
2024-03-17 11:36:41 App is up to date.
2024-03-17 12:10:04 Loading main app package /usr/lib/obsidian/obsidian.asar
2024-03-17 12:10:04 Checking for update using Github
2024-03-17 12:10:04 Success.
2024-03-17 12:10:04 Latest version is 1.5.8
2024-03-17 12:10:04 App is up to date.
2024-03-18 10:35:55 Loading main app package /usr/lib/obsidian/obsidian.asar
2024-03-18 10:35:55 Checking for update using Github
2024-03-18 10:35:55 Success.
2024-03-18 10:35:55 Latest version is 1.5.8
2024-03-18 10:35:55 App is up to date.
2024-03-18 10:38:16 Loading main app package /usr/lib/obsidian/obsidian.asar
2024-03-18 10:38:16 Checking for update using Github
2024-03-18 10:38:16 Success.
2024-03-18 10:38:16 Latest version is 1.5.8
2024-03-18 10:38:16 App is up to date.
2024-03-18 10:46:44 Loading main app package /usr/lib/obsidian/obsidian.asar
2024-03-18 10:46:44 Checking for update using Github
2024-03-18 10:46:45 Success.
2024-03-18 10:46:45 Latest version is 1.5.8
2024-03-18 10:46:45 App is up to date.
2024-03-18 18:04:25 Loading main app package /usr/lib/obsidian/obsidian.asar
2024-03-18 18:04:25 Checking for update using Github
2024-03-18 18:04:25 Success.
2024-03-18 18:04:25 Latest version is 1.5.8
2024-03-18 18:04:25 App is up to date.
2024-03-18 18:06:32 Loading main app package /usr/lib/obsidian/obsidian.asar
2024-03-18 18:06:32 Checking for update using Github
2024-03-18 18:06:32 Success.
2024-03-18 18:06:32 Latest version is 1.5.8
2024-03-18 18:06:32 App is up to date.
2024-03-18 19:06:32 Checking for update using Github
2024-03-18 19:06:32 Success.
2024-03-18 19:06:32 Latest version is 1.5.8
2024-03-18 19:06:32 App is up to date.
2024-03-19 11:26:03 Loading main app package /usr/lib/obsidian/obsidian.asar
2024-03-19 11:26:03 Checking for update using Github
2024-03-19 11:26:03 Success.
2024-03-19 11:26:03 Latest version is 1.5.8
2024-03-19 11:26:03 App is up to date.
2024-03-19 12:26:03 Checking for update using Github
2024-03-19 12:26:03 Success.
2024-03-19 12:26:03 Latest version is 1.5.8
2024-03-19 12:26:03 App is up to date.
2024-03-19 13:26:03 Checking for update using Github
2024-03-19 13:26:03 Success.
2024-03-19 13:26:03 Latest version is 1.5.8
2024-03-19 13:26:03 App is up to date.
2024-03-19 14:26:03 Checking for update using Github
2024-03-19 14:26:03 Success.
2024-03-19 14:26:03 Latest version is 1.5.8
2024-03-19 14:26:03 App is up to date.
2024-03-19 15:02:15 Loading main app package /usr/lib/obsidian/obsidian.asar
2024-03-19 15:02:15 Checking for update using Github
2024-03-19 15:02:20 Loading main app package /usr/lib/obsidian/obsidian.asar
2024-03-19 15:02:20 Checking for update using Github
2024-03-19 15:16:23 Loading main app package /usr/lib/obsidian/obsidian.asar
2024-03-19 15:16:23 Checking for update using Github
2024-03-19 15:16:32 Loading main app package /usr/lib/obsidian/obsidian.asar
2024-03-19 15:16:32 Checking for update using Github
2024-03-19 15:26:03 Checking for update using Github
2024-03-19 15:26:03 Success.
2024-03-19 15:26:03 Latest version is 1.5.8
2024-03-19 15:26:03 App is up to date.
2024-03-28 11:33:22 Loading main app package /usr/lib/obsidian/obsidian.asar
2024-03-28 11:33:22 Checking for update using Github
2024-03-28 11:33:22 Success.
2024-03-28 11:33:22 Latest version is 1.5.11
2024-03-28 11:33:22 App is up to date.
2024-03-28 12:36:43 Loading main app package /usr/lib/obsidian/obsidian.asar
2024-03-28 12:36:43 Checking for update using Github
2024-03-28 12:36:43 Success.
2024-03-28 12:36:43 Latest version is 1.5.11
2024-03-28 12:36:43 App is up to date.
2024-03-28 13:39:19 Loading main app package /usr/lib/obsidian/obsidian.asar
2024-03-28 13:39:20 Checking for update using Github
2024-03-28 13:39:20 Success.
2024-03-28 13:39:20 Latest version is 1.5.11
2024-03-28 13:39:20 App is up to date.
2024-03-28 13:40:49 Loading main app package /usr/lib/obsidian/obsidian.asar
2024-03-28 13:40:49 Checking for update using Github
2024-03-28 13:40:49 Success.
2024-03-28 13:40:49 Latest version is 1.5.11
2024-03-28 13:40:49 App is up to date.
2024-03-28 16:42:40 Loading main app package /usr/lib/obsidian/obsidian.asar
2024-03-28 16:42:40 Checking for update using Github
2024-03-28 16:42:40 Success.
2024-03-28 16:42:40 Latest version is 1.5.11
2024-03-28 16:42:40 App is up to date.
2024-03-28 20:38:44 Loading main app package /usr/lib/obsidian/obsidian.asar
2024-03-28 20:38:45 Checking for update using Github
2024-03-28 20:38:45 Success.
2024-03-28 20:38:45 Latest version is 1.5.11
2024-03-28 20:38:45 App is up to date.
2024-03-28 20:39:09 Checking for update using Github
2024-03-28 20:39:09 Success.
2024-03-28 20:39:09 Latest version is 1.5.11
2024-03-28 20:39:09 App is up to date.
2024-03-28 20:40:16 Loading main app package /usr/lib/obsidian/obsidian.asar
2024-03-28 20:40:16 Checking for update using Github
2024-03-28 20:40:16 Success.
2024-03-28 20:40:16 Latest version is 1.5.11
2024-03-28 20:40:16 App is up to date.
2024-03-28 20:41:49 Loading main app package /usr/lib/obsidian/obsidian.asar
2024-03-28 20:41:50 Checking for update using Github
2024-03-28 20:41:50 Success.
2024-03-28 20:41:50 Latest version is 1.5.11
2024-03-28 20:41:50 App is up to date.
2024-03-28 20:42:07 Loading main app package /usr/lib/obsidian/obsidian.asar
2024-03-28 20:42:07 Checking for update using Github
2024-03-28 20:42:07 Success.
2024-03-28 20:42:07 Latest version is 1.5.11
2024-03-28 20:42:07 App is up to date.
2024-03-28 20:46:09 Loading main app package /usr/lib/obsidian/obsidian.asar
2024-03-28 20:46:09 Checking for update using Github
2024-03-28 20:46:09 Success.
2024-03-28 20:46:09 Latest version is 1.5.11
2024-03-28 20:46:09 App is up to date.
2024-03-28 20:50:28 Loading main app package /usr/lib/obsidian/obsidian.asar
2024-03-28 20:50:29 Checking for update using Github
2024-03-28 20:50:29 Success.
2024-03-28 20:50:29 Latest version is 1.5.11
2024-03-28 20:50:29 App is up to date.
2024-03-28 20:50:33 Loading main app package /usr/lib/obsidian/obsidian.asar
2024-03-28 20:50:33 Checking for update using Github
2024-03-28 20:50:33 Success.
2024-03-28 20:50:33 Latest version is 1.5.11
2024-03-28 20:50:33 App is up to date.
2024-03-28 20:51:41 Loading main app package /usr/lib/obsidian/obsidian.asar
2024-03-28 20:51:41 Checking for update using Github
2024-03-28 20:51:41 Success.
2024-03-28 20:51:41 Latest version is 1.5.11
2024-03-28 20:51:41 App is up to date.
2024-03-28 20:51:59 Loading main app package /usr/lib/obsidian/obsidian.asar
2024-03-28 20:52:00 Checking for update using Github
2024-03-28 20:52:00 Success.
2024-03-28 20:52:00 Latest version is 1.5.11
2024-03-28 20:52:00 App is up to date.
2024-03-28 20:52:12 Loading main app package /usr/lib/obsidian/obsidian.asar
2024-03-28 20:52:12 Checking for update using Github
2024-03-28 20:52:12 Success.
2024-03-28 20:52:12 Latest version is 1.5.11
2024-03-28 20:52:12 App is up to date.
2024-03-28 20:52:27 Loading main app package /usr/lib/obsidian/obsidian.asar
2024-03-28 20:52:27 Checking for update using Github
2024-03-28 20:52:27 Success.
2024-03-28 20:52:27 Latest version is 1.5.11
2024-03-28 20:52:27 App is up to date.
2024-03-28 20:52:51 Loading main app package /usr/lib/obsidian/obsidian.asar
2024-03-28 20:52:51 Checking for update using Github
2024-03-28 20:52:51 Success.
2024-03-28 20:52:51 Latest version is 1.5.11
2024-03-28 20:52:51 App is up to date.
2024-03-28 20:53:06 Loading main app package /usr/lib/obsidian/obsidian.asar
2024-03-28 20:53:06 Checking for update using Github
2024-03-28 20:53:06 Success.
2024-03-28 20:53:06 Latest version is 1.5.11
2024-03-28 20:53:06 App is up to date.
2024-03-28 20:53:33 Loading main app package /usr/lib/obsidian/obsidian.asar
2024-03-28 20:53:33 Checking for update using Github
2024-03-28 20:53:33 Success.
2024-03-28 20:53:33 Latest version is 1.5.11
2024-03-28 20:53:33 App is up to date.
2024-03-28 20:59:19 Loading main app package /usr/lib/obsidian/obsidian.asar
2024-03-28 20:59:19 Checking for update using Github
2024-03-28 20:59:19 Success.
2024-03-28 20:59:19 Latest version is 1.5.11
2024-03-28 20:59:19 App is up to date.
2024-03-28 20:59:35 Loading main app package /usr/lib/obsidian/obsidian.asar
2024-03-28 20:59:35 Checking for update using Github
2024-03-28 20:59:35 Success.
2024-03-28 20:59:35 Latest version is 1.5.11
2024-03-28 20:59:35 App is up to date.
2024-03-28 20:59:57 Loading main app package /usr/lib/obsidian/obsidian.asar
2024-03-28 20:59:57 Checking for update using Github
2024-03-28 20:59:57 Success.
2024-03-28 20:59:57 Latest version is 1.5.11
2024-03-28 20:59:57 App is up to date.
2024-03-28 21:00:44 Loading main app package /usr/lib/obsidian/obsidian.asar
2024-03-28 21:00:44 Checking for update using Github
2024-03-28 21:00:44 Success.
2024-03-28 21:00:44 Latest version is 1.5.11
2024-03-28 21:00:44 App is up to date.
2024-03-28 21:01:02 Loading main app package /usr/lib/obsidian/obsidian.asar
2024-03-28 21:01:02 Checking for update using Github
2024-03-28 21:01:02 Success.
2024-03-28 21:01:02 Latest version is 1.5.11
2024-03-28 21:01:02 App is up to date.
2024-03-29 06:05:00 Loading main app package /usr/lib/obsidian/obsidian.asar
2024-03-29 06:05:00 Checking for update using Github
2024-03-29 06:05:00 Success.
2024-03-29 06:05:00 Latest version is 1.5.11
2024-03-29 06:05:00 App is up to date.
2024-03-29 06:05:36 Loading main app package /usr/lib/obsidian/obsidian.asar
2024-03-29 06:05:36 Checking for update using Github
2024-03-29 06:05:36 Success.
2024-03-29 06:05:36 Latest version is 1.5.11
2024-03-29 06:05:36 App is up to date.
2024-03-29 06:06:41 Loading main app package /usr/lib/obsidian/obsidian.asar
2024-03-29 06:06:41 Checking for update using Github
2024-03-29 06:06:41 Success.
2024-03-29 06:06:41 Latest version is 1.5.11
2024-03-29 06:06:41 App is up to date.
2024-03-29 06:07:36 Loading main app package /usr/lib/obsidian/obsidian.asar
2024-03-29 06:07:36 Checking for update using Github
2024-03-29 06:07:36 Success.
2024-03-29 06:07:36 Latest version is 1.5.11
2024-03-29 06:07:36 App is up to date.
2024-03-29 06:09:38 Loading main app package /usr/lib/obsidian/obsidian.asar
2024-03-29 06:09:38 Checking for update using Github
2024-03-29 06:09:38 Success.
2024-03-29 06:09:38 Latest version is 1.5.11
2024-03-29 06:09:38 App is up to date.
2024-03-29 06:12:07 Loading main app package /usr/lib/obsidian/obsidian.asar
2024-03-29 06:12:08 Checking for update using Github
2024-03-29 06:12:08 Success.
2024-03-29 06:12:08 Latest version is 1.5.11
2024-03-29 06:12:08 App is up to date.
2024-03-29 06:13:20 Loading main app package /usr/lib/obsidian/obsidian.asar
2024-03-29 06:13:20 Checking for update using Github
2024-03-29 06:13:20 Success.
2024-03-29 06:13:20 Latest version is 1.5.11
2024-03-29 06:13:20 App is up to date.
2024-03-29 06:13:54 Loading main app package /usr/lib/obsidian/obsidian.asar
2024-03-29 06:13:54 Checking for update using Github
2024-03-29 06:13:54 Success.
2024-03-29 06:13:54 Latest version is 1.5.11
2024-03-29 06:13:54 App is up to date.
2024-03-29 06:14:16 Loading main app package /usr/lib/obsidian/obsidian.asar
2024-03-29 06:14:16 Checking for update using Github
2024-03-29 06:14:16 Success.
2024-03-29 06:14:16 Latest version is 1.5.11
2024-03-29 06:14:16 App is up to date.
2024-03-29 08:51:44 Loading main app package /usr/lib/obsidian/obsidian.asar
2024-03-29 08:51:44 Checking for update using Github
2024-03-29 08:51:44 Success.
2024-03-29 08:51:44 Latest version is 1.5.11
2024-03-29 08:51:44 App is up to date.
2024-03-29 09:34:19 Loading main app package /usr/lib/obsidian/obsidian.asar
2024-03-29 09:34:19 Checking for update using Github
2024-03-29 09:34:19 Success.
2024-03-29 09:34:19 Latest version is 1.5.11
2024-03-29 09:34:19 App is up to date.
2024-03-29 11:42:49 Loading main app package /usr/lib/obsidian/obsidian.asar
2024-03-29 11:42:49 Checking for update using Github
2024-03-29 11:42:49 Success.
2024-03-29 11:42:49 Latest version is 1.5.11
2024-03-29 11:42:49 App is up to date.
2024-03-29 11:46:07 Loading main app package /usr/lib/obsidian/obsidian.asar
2024-03-29 11:46:07 Checking for update using Github
2024-03-29 11:46:07 Success.
2024-03-29 11:46:07 Latest version is 1.5.11
2024-03-29 11:46:07 App is up to date.
2024-03-29 12:46:07 Checking for update using Github
2024-03-29 12:46:07 Success.
2024-03-29 12:46:07 Latest version is 1.5.11
2024-03-29 12:46:07 App is up to date.
2024-03-29 13:46:07 Checking for update using Github
2024-03-29 13:46:07 Success.
2024-03-29 13:46:07 Latest version is 1.5.11
2024-03-29 13:46:07 App is up to date.
2024-03-29 14:46:07 Checking for update using Github
2024-03-29 14:46:07 Success.
2024-03-29 14:46:07 Latest version is 1.5.11
2024-03-29 14:46:07 App is up to date.
2024-03-29 15:46:07 Checking for update using Github
2024-03-29 15:46:07 Success.
2024-03-29 15:46:07 Latest version is 1.5.11
2024-03-29 15:46:07 App is up to date.
2024-03-29 16:46:07 Checking for update using Github
2024-03-29 16:46:07 Success.
2024-03-29 16:46:07 Latest version is 1.5.11
2024-03-29 16:46:07 App is up to date.
2024-03-30 19:07:55 Loading main app package /usr/lib/obsidian/obsidian.asar
2024-03-30 19:07:55 Checking for update using Github
2024-03-30 19:08:11 Success.
2024-03-30 19:08:11 Latest version is 1.5.11
2024-03-30 19:08:11 App is up to date.
2024-03-31 17:50:41 Loading main app package /usr/lib/obsidian/obsidian.asar
2024-03-31 17:50:41 Checking for update using Github
2024-03-31 17:50:41 Success.
2024-03-31 17:50:41 Latest version is 1.5.11
2024-03-31 17:50:41 App is up to date.
2024-03-31 18:50:41 Checking for update using Github
2024-03-31 18:50:41 Success.
2024-03-31 18:50:41 Latest version is 1.5.11
2024-03-31 18:50:41 App is up to date.
2024-03-31 19:50:41 Checking for update using Github
2024-03-31 19:50:41 Success.
2024-03-31 19:50:41 Latest version is 1.5.11
2024-03-31 19:50:41 App is up to date.
2024-04-01 07:19:27 Loading main app package /usr/lib/obsidian/obsidian.asar
2024-04-01 07:19:27 Checking for update using Github
2024-04-01 07:19:27 Success.
2024-04-01 07:19:27 Latest version is 1.5.11
2024-04-01 07:19:27 App is up to date.
2024-04-01 08:19:27 Checking for update using Github
2024-04-01 08:19:27 Success.
2024-04-01 08:19:27 Latest version is 1.5.11
2024-04-01 08:19:27 App is up to date.
2024-04-01 09:19:27 Checking for update using Github
2024-04-01 09:19:27 Success.
2024-04-01 09:19:27 Latest version is 1.5.11
2024-04-01 09:19:27 App is up to date.
2024-04-01 10:19:27 Checking for update using Github
2024-04-01 10:19:27 Success.
2024-04-01 10:19:27 Latest version is 1.5.11
2024-04-01 10:19:27 App is up to date.
2024-04-01 11:19:27 Checking for update using Github
2024-04-01 11:19:27 Success.
2024-04-01 11:19:27 Latest version is 1.5.11
2024-04-01 11:19:27 App is up to date.
2024-04-01 12:19:27 Checking for update using Github
2024-04-01 12:19:27 Success.
2024-04-01 12:19:27 Latest version is 1.5.11
2024-04-01 12:19:27 App is up to date.
2024-04-01 13:19:27 Checking for update using Github
2024-04-01 13:19:27 Success.
2024-04-01 13:19:27 Latest version is 1.5.11
2024-04-01 13:19:27 App is up to date.
2024-04-01 14:19:27 Checking for update using Github
2024-04-01 14:19:28 Success.
2024-04-01 14:19:28 Latest version is 1.5.11
2024-04-01 14:19:28 App is up to date.
2024-04-01 15:19:28 Checking for update using Github
2024-04-01 15:19:28 Success.
2024-04-01 15:19:28 Latest version is 1.5.12
2024-04-01 15:19:28 Downloading update from https://github.com/obsidianmd/obsidian-releases/releases/download/v1.5.12/obsidian-1.5.12.asar.gz
2024-04-01 15:19:29 Verifying hash & signature. Size= 8781526
2024-04-01 15:19:29 Saving file
2024-04-01 15:19:29 Update complete.
2024-04-01 16:19:28 Checking for update using Github
2024-04-01 16:19:28 Success.
2024-04-01 16:19:28 Latest version is 1.5.12
2024-04-01 16:19:28 An update is already downloaded.
2024-04-01 17:19:28 Checking for update using Github
2024-04-01 17:19:28 Success.
2024-04-01 17:19:28 Latest version is 1.5.12
2024-04-01 17:19:28 An update is already downloaded.
2024-04-01 18:19:28 Checking for update using Github
2024-04-01 18:19:28 Success.
2024-04-01 18:19:28 Latest version is 1.5.12
2024-04-01 18:19:28 An update is already downloaded.
2024-04-01 19:19:28 Checking for update using Github
2024-04-01 19:19:28 Success.
2024-04-01 19:19:28 Latest version is 1.5.12
2024-04-01 19:19:28 An update is already downloaded.
2024-04-02 18:16:58 Loading main app package /usr/lib/obsidian/obsidian.asar
2024-04-02 18:16:58 Checking for update using Github
2024-04-02 18:16:58 Success.
2024-04-02 18:16:58 Latest version is 1.5.12
2024-04-02 18:16:58 App is up to date.
2024-04-02 18:51:21 Checking for update using Github
2024-04-02 18:51:21 Success.
2024-04-02 18:51:21 Latest version is 1.5.12
2024-04-02 18:51:21 App is up to date.
2024-04-02 19:16:58 Checking for update using Github
2024-04-02 19:16:58 Success.
2024-04-02 19:16:58 Latest version is 1.5.12
2024-04-02 19:16:58 App is up to date.
2024-04-03 08:08:39 Loading main app package /usr/lib/obsidian/obsidian.asar
2024-04-03 08:08:39 Checking for update using Github
2024-04-03 08:08:39 Success.
2024-04-03 08:08:39 Latest version is 1.5.12
2024-04-03 08:08:39 App is up to date.
2024-04-03 13:22:19 Loading main app package /usr/lib/obsidian/obsidian.asar
2024-04-03 13:22:19 Checking for update using Github
2024-04-03 13:22:19 Success.
2024-04-03 13:22:19 Latest version is 1.5.12
2024-04-03 13:22:19 App is up to date.
2024-04-03 13:24:51 Loading main app package /usr/lib/obsidian/obsidian.asar
2024-04-03 13:24:51 Checking for update using Github
2024-04-03 13:24:51 Success.
2024-04-03 13:24:51 Latest version is 1.5.12
2024-04-03 13:24:51 App is up to date.
2024-04-03 14:24:51 Checking for update using Github
2024-04-03 14:24:51 Success.
2024-04-03 14:24:51 Latest version is 1.5.12
2024-04-03 14:24:51 App is up to date.
2024-04-03 15:24:51 Checking for update using Github
2024-04-03 15:24:51 Success.
2024-04-03 15:24:51 Latest version is 1.5.12
2024-04-03 15:24:51 App is up to date.
2024-04-03 16:24:51 Checking for update using Github
2024-04-03 16:24:51 Success.
2024-04-03 16:24:51 Latest version is 1.5.12
2024-04-03 16:24:51 App is up to date.
2024-04-03 17:24:51 Checking for update using Github
2024-04-03 17:24:51 Success.
2024-04-03 17:24:51 Latest version is 1.5.12
2024-04-03 17:24:51 App is up to date.
2024-04-03 18:24:51 Checking for update using Github
2024-04-03 18:24:52 Success.
2024-04-03 18:24:52 Latest version is 1.5.12
2024-04-03 18:24:52 App is up to date.
2024-04-03 19:24:52 Checking for update using Github
2024-04-03 19:24:52 Success.
2024-04-03 19:24:52 Latest version is 1.5.12
2024-04-03 19:24:52 App is up to date.
2024-04-04 08:12:25 Loading main app package /usr/lib/obsidian/obsidian.asar
2024-04-04 08:12:25 Checking for update using Github
2024-04-04 08:12:25 Success.
2024-04-04 08:12:25 Latest version is 1.5.12
2024-04-04 08:12:25 App is up to date.
2024-04-04 08:12:30 Loading main app package /usr/lib/obsidian/obsidian.asar
2024-04-04 08:12:30 Checking for update using Github
2024-04-04 08:12:30 Success.
2024-04-04 08:12:30 Latest version is 1.5.12
2024-04-04 08:12:30 App is up to date.
2024-04-04 08:12:40 Loading main app package /usr/lib/obsidian/obsidian.asar
2024-04-04 08:12:40 Checking for update using Github
2024-04-04 08:12:40 Success.
2024-04-04 08:12:40 Latest version is 1.5.12
2024-04-04 08:12:40 App is up to date.
2024-04-04 09:12:40 Checking for update using Github
2024-04-04 09:12:40 Success.
2024-04-04 09:12:40 Latest version is 1.5.12
2024-04-04 09:12:40 App is up to date.
2024-04-04 10:12:40 Checking for update using Github
2024-04-04 10:12:40 Success.
2024-04-04 10:12:40 Latest version is 1.5.12
2024-04-04 10:12:40 App is up to date.
2024-04-04 11:12:40 Checking for update using Github
2024-04-04 11:12:40 Success.
2024-04-04 11:12:40 Latest version is 1.5.12
2024-04-04 11:12:40 App is up to date.
2024-04-04 12:12:40 Checking for update using Github
2024-04-04 12:12:40 Success.
2024-04-04 12:12:40 Latest version is 1.5.12
2024-04-04 12:12:40 App is up to date.
2024-04-04 12:20:40 Loading main app package /usr/lib/obsidian/obsidian.asar
2024-04-04 12:20:40 Checking for update using Github
2024-04-04 12:20:40 Success.
2024-04-04 12:20:40 Latest version is 1.5.12
2024-04-04 12:20:40 App is up to date.
2024-04-04 13:20:40 Checking for update using Github
2024-04-04 13:20:40 Success.
2024-04-04 13:20:40 Latest version is 1.5.12
2024-04-04 13:20:40 App is up to date.
2024-04-04 14:20:40 Checking for update using Github
2024-04-04 14:20:40 Success.
2024-04-04 14:20:40 Latest version is 1.5.12
2024-04-04 14:20:40 App is up to date.
2024-04-04 15:20:40 Checking for update using Github
2024-04-04 15:20:40 Success.
2024-04-04 15:20:40 Latest version is 1.5.12
2024-04-04 15:20:40 App is up to date.
2024-04-04 16:20:40 Checking for update using Github
2024-04-04 16:20:41 Success.
2024-04-04 16:20:41 Latest version is 1.5.12
2024-04-04 16:20:41 App is up to date.
2024-04-04 17:20:41 Checking for update using Github
2024-04-04 17:20:41 Success.
2024-04-04 17:20:41 Latest version is 1.5.12
2024-04-04 17:20:41 App is up to date.
2024-04-04 18:20:41 Checking for update using Github
2024-04-04 18:20:41 Success.
2024-04-04 18:20:41 Latest version is 1.5.12
2024-04-04 18:20:41 App is up to date.
2024-04-05 10:08:40 Loading main app package /usr/lib/obsidian/obsidian.asar
2024-04-05 10:08:40 Checking for update using Github
2024-04-05 10:08:40 Success.
2024-04-05 10:08:40 Latest version is 1.5.12
2024-04-05 10:08:40 App is up to date.
2024-04-05 11:08:40 Checking for update using Github
2024-04-05 11:08:40 Success.
2024-04-05 11:08:40 Latest version is 1.5.12
2024-04-05 11:08:40 App is up to date.
2024-04-05 12:08:40 Checking for update using Github
2024-04-05 12:08:40 Success.
2024-04-05 12:08:40 Latest version is 1.5.12
2024-04-05 12:08:40 App is up to date.
2024-04-05 13:08:40 Checking for update using Github
2024-04-05 13:08:40 Success.
2024-04-05 13:08:40 Latest version is 1.5.12
2024-04-05 13:08:40 App is up to date.
2024-04-05 14:08:40 Checking for update using Github
2024-04-05 14:08:40 Success.
2024-04-05 14:08:40 Latest version is 1.5.12
2024-04-05 14:08:40 App is up to date.
2024-04-05 15:08:40 Checking for update using Github
2024-04-05 15:08:41 Success.
2024-04-05 15:08:41 Latest version is 1.5.12
2024-04-05 15:08:41 App is up to date.
2024-04-05 16:08:41 Checking for update using Github
2024-04-05 16:08:41 Success.
2024-04-05 16:08:41 Latest version is 1.5.12
2024-04-05 16:08:41 App is up to date.
2024-04-05 17:08:41 Checking for update using Github
2024-04-05 17:08:41 Success.
2024-04-05 17:08:41 Latest version is 1.5.12
2024-04-05 17:08:41 App is up to date.
2024-04-05 18:08:41 Checking for update using Github
2024-04-05 18:08:41 Success.
2024-04-05 18:08:41 Latest version is 1.5.12
2024-04-05 18:08:41 App is up to date.
2024-04-05 19:08:41 Checking for update using Github
2024-04-05 19:08:41 Success.
2024-04-05 19:08:41 Latest version is 1.5.12
2024-04-05 19:08:41 App is up to date.
2024-04-05 19:53:48 Loading main app package /usr/lib/obsidian/obsidian.asar
2024-04-05 19:53:48 Checking for update using Github
2024-04-05 19:53:48 Success.
2024-04-05 19:53:48 Latest version is 1.5.12
2024-04-05 19:53:48 App is up to date.
2024-04-05 20:07:52 Loading main app package /usr/lib/obsidian/obsidian.asar
2024-04-05 20:07:52 Checking for update using Github
2024-04-05 20:07:52 Success.
2024-04-05 20:07:52 Latest version is 1.5.12
2024-04-05 20:07:52 App is up to date.
2024-04-06 15:57:50 Loading main app package /usr/lib/obsidian/obsidian.asar
2024-04-06 15:57:50 Checking for update using Github
2024-04-06 15:57:50 Success.
2024-04-06 15:57:50 Latest version is 1.5.12
2024-04-06 15:57:50 App is up to date.
2024-04-07 11:02:25 Loading main app package /usr/lib/obsidian/obsidian.asar
2024-04-07 11:02:25 Checking for update using Github
2024-04-07 11:02:25 Success.
2024-04-07 11:02:25 Latest version is 1.5.12
2024-04-07 11:02:25 App is up to date.
2024-04-07 12:02:25 Checking for update using Github
2024-04-07 12:02:25 Success.
2024-04-07 12:02:25 Latest version is 1.5.12
2024-04-07 12:02:25 App is up to date.
2024-04-07 13:02:25 Checking for update using Github
2024-04-07 13:02:25 Success.
2024-04-07 13:02:25 Latest version is 1.5.12
2024-04-07 13:02:25 App is up to date.
2024-04-07 14:02:25 Checking for update using Github
2024-04-07 14:02:25 Success.
2024-04-07 14:02:25 Latest version is 1.5.12
2024-04-07 14:02:25 App is up to date.
2024-04-07 15:02:25 Checking for update using Github
2024-04-07 15:02:25 Success.
2024-04-07 15:02:25 Latest version is 1.5.12
2024-04-07 15:02:25 App is up to date.
2024-04-07 16:02:25 Checking for update using Github
2024-04-07 16:02:25 Success.
2024-04-07 16:02:25 Latest version is 1.5.12
2024-04-07 16:02:25 App is up to date.
2024-04-07 17:02:25 Checking for update using Github
2024-04-07 17:02:25 Success.
2024-04-07 17:02:25 Latest version is 1.5.12
2024-04-07 17:02:25 App is up to date.
2024-04-07 18:02:25 Checking for update using Github
2024-04-07 18:02:25 Success.
2024-04-07 18:02:25 Latest version is 1.5.12
2024-04-07 18:02:25 App is up to date.
2024-04-11 12:02:33 Loading main app package /usr/lib/obsidian/obsidian.asar
2024-04-11 12:02:33 Checking for update using Github
2024-04-11 12:02:33 Success.
2024-04-11 12:02:33 Latest version is 1.5.12
2024-04-11 12:02:33 App is up to date.
2024-04-13 10:53:08 Loading main app package /usr/lib/obsidian/obsidian.asar
2024-04-13 10:53:08 Checking for update using Github
2024-04-13 10:53:09 Success.
2024-04-13 10:53:09 Latest version is 1.5.12
2024-04-13 10:53:09 App is up to date.
2024-04-13 11:53:08 Checking for update using Github
2024-04-13 11:53:08 Success.
2024-04-13 11:53:08 Latest version is 1.5.12
2024-04-13 11:53:08 App is up to date.
2024-04-13 12:53:08 Checking for update using Github
2024-04-13 12:53:08 Success.
2024-04-13 12:53:08 Latest version is 1.5.12
2024-04-13 12:53:08 App is up to date.
2024-04-13 13:53:09 Checking for update using Github
2024-04-13 13:53:09 Success.
2024-04-13 13:53:09 Latest version is 1.5.12
2024-04-13 13:53:09 App is up to date.
2024-04-13 14:53:09 Checking for update using Github
2024-04-13 14:53:09 Success.
2024-04-13 14:53:09 Latest version is 1.5.12
2024-04-13 14:53:09 App is up to date.
2024-04-13 15:53:09 Checking for update using Github
2024-04-13 15:53:09 Success.
2024-04-13 15:53:09 Latest version is 1.5.12
2024-04-13 15:53:09 App is up to date.
2024-04-19 16:40:32 Loading main app package /usr/lib/obsidian/obsidian.asar
2024-04-19 16:40:32 Checking for update using Github
2024-04-19 16:40:32 Success.
2024-04-19 16:40:32 Latest version is 1.5.12
2024-04-19 16:40:32 App is up to date.
2024-04-19 16:51:27 Loading main app package /usr/lib/obsidian/obsidian.asar
2024-04-19 16:51:27 Checking for update using Github
2024-04-19 16:51:27 Success.
2024-04-19 16:51:27 Latest version is 1.5.12
2024-04-19 16:51:27 App is up to date.
2024-04-19 17:03:16 Loading main app package /usr/lib/obsidian/obsidian.asar
2024-04-19 17:03:16 Checking for update using Github
2024-04-19 17:03:16 Success.
2024-04-19 17:03:16 Latest version is 1.5.12
2024-04-19 17:03:16 App is up to date.
2024-04-19 18:03:16 Checking for update using Github
2024-04-19 18:03:16 Success.
2024-04-19 18:03:16 Latest version is 1.5.12
2024-04-19 18:03:16 App is up to date.
2024-04-22 08:18:17 Loading main app package /usr/lib/obsidian/obsidian.asar
2024-04-22 08:18:17 Checking for update using Github
2024-04-22 08:18:17 Success.
2024-04-22 08:18:17 Latest version is 1.5.12
2024-04-22 08:18:17 App is up to date.
2024-04-22 08:34:04 Loading main app package /usr/lib/obsidian/obsidian.asar
2024-04-22 08:34:04 Checking for update using Github
2024-04-22 14:14:31 Loading main app package /usr/lib/obsidian/obsidian.asar
2024-04-22 14:14:31 Checking for update using Github
2024-04-22 14:14:32 Success.
2024-04-22 14:14:32 Latest version is 1.5.12
2024-04-22 14:14:32 App is up to date.
2024-04-22 15:03:43 Loading main app package /usr/lib/obsidian/obsidian.asar
2024-04-22 15:03:44 Checking for update using Github
2024-04-22 15:03:44 Success.
2024-04-22 15:03:44 Latest version is 1.5.12
2024-04-22 15:03:44 App is up to date.
2024-04-22 15:51:18 Loading main app package /usr/lib/obsidian/obsidian.asar
2024-04-22 15:51:18 Checking for update using Github
2024-04-22 15:51:18 Success.
2024-04-22 15:51:18 Latest version is 1.5.12
2024-04-22 15:51:18 App is up to date.
2024-04-22 16:51:18 Checking for update using Github
2024-04-22 16:51:18 Success.
2024-04-22 16:51:18 Latest version is 1.5.12
2024-04-22 16:51:18 App is up to date.
2024-04-22 17:51:18 Checking for update using Github
2024-04-22 17:51:18 Success.
2024-04-22 17:51:18 Latest version is 1.5.12
2024-04-22 17:51:18 App is up to date.
2024-04-28 10:40:13 Loading main app package /usr/lib/obsidian/obsidian.asar
2024-04-28 10:40:13 Checking for update using Github
2024-04-28 10:40:13 Success.
2024-04-28 10:40:13 Latest version is 1.5.12
2024-04-28 10:40:13 App is up to date.
2024-05-05 07:51:17 Loading main app package /usr/lib/obsidian/obsidian.asar
2024-05-05 07:51:17 Checking for update using Github
2024-05-05 07:51:17 Success.
2024-05-05 07:51:17 Latest version is 1.5.12
2024-05-05 07:51:17 App is up to date.
2024-05-05 07:52:50 Checking for update using Github
2024-05-05 07:52:50 Success.
2024-05-05 07:52:50 Latest version is 1.5.12
2024-05-05 07:52:50 App is up to date.
2024-05-05 08:02:34 Loading main app package /usr/lib/obsidian/obsidian.asar
2024-05-05 08:02:34 Checking for update using Github
2024-05-05 08:02:34 Success.
2024-05-05 08:02:34 Latest version is 1.5.12
2024-05-05 08:02:34 App is up to date.
2024-05-12 09:06:10 Loading main app package /usr/lib/obsidian/obsidian.asar
2024-05-12 09:06:10 Checking for update using Github
2024-05-12 09:06:10 Success.
2024-05-12 09:06:10 Latest version is 1.5.12
2024-05-12 09:06:10 App is up to date.
2024-05-16 14:50:36 Loading main app package /usr/lib/obsidian/obsidian.asar
2024-05-16 14:50:36 Checking for update using Github
2024-05-16 14:50:36 Success.
2024-05-16 14:50:36 Latest version is 1.5.12
2024-05-16 14:50:36 App is up to date.
2024-06-05 12:38:28 Loading main app package /usr/lib/obsidian/obsidian.asar
2024-06-05 12:38:28 Checking for update using Github
2024-06-05 12:38:28 Success.
2024-06-05 12:38:28 Latest version is 1.5.12
2024-06-05 12:38:28 App is up to date.
